20240915	19:12:13	80c76745-0115-470d-b0c7-d5c2e3c95ef5	Connected to MongoDB
20240915	19:15:40	8e91489a-b805-41a2-b4bb-4fd1938e4bd9	Connected to MongoDB
20240915	19:19:12	7eb029ca-7317-44f0-9935-2af970e7b539	Connected to MongoDB
20240915	19:19:27	80be4bf6-b1c0-410f-8098-e23893fc6d65	Connected to MongoDB
20240915	19:20:31	20597e9b-9285-49cd-aaa3-f82a70b2e5b2	Connected to MongoDB
20240915	19:21:22	cdc1edbe-03b2-496e-8f8d-46a4d6372e62	Connected to MongoDB
20240915	19:21:59	8745beb4-2352-45f8-b185-3a6a12cb021d	Connected to MongoDB
20240915	19:22:42	b92bb1df-b58d-422d-9f91-0dac0e0a0826	Connected to MongoDB
20240915	19:22:56	64c6ed45-a648-4ff9-a1e1-965e37dd7adc	Connected to MongoDB
20240915	19:26:10	93575d58-d606-4fee-b8d1-ce788576d848	Connected to MongoDB
20240915	19:33:44	ddfb58c1-1473-4356-b001-bbd6f1d19de4	Connected to MongoDB
20240915	19:34:00	203ca05a-b84a-43b8-99e5-698a64053bab	Connected to MongoDB
20240915	19:42:41	d2d2f235-aaf2-42f2-af82-ea183fe45833	Connected to MongoDB
20240915	19:43:44	35668041-78ae-4ba0-9b3f-f4372993ca4c	Connected to MongoDB
20240915	19:44:58	571f3d3c-4340-40b3-a58f-a08f40ef7584	Connected to MongoDB
20240915	19:46:01	b8d2a38b-4d3e-46fb-8037-94bbf1d0de69	Connected to MongoDB
20240915	19:47:13	c0aeed78-9e74-4b55-958f-070af495dd82	Connected to MongoDB
20240915	19:47:32	5e52fb1a-7197-479a-9d0d-691e94e33c7a	Connected to MongoDB
20240915	19:47:46	6832a452-554c-44cb-be65-ce60ec965900	Connected to MongoDB
20240915	19:47:51	fb86dc0e-abfd-4c57-a5fe-e55c8e2ae3c1	Connected to MongoDB
20240915	19:48:31	c11c4257-9199-418d-a344-2e7ac9dd54c9	Connected to MongoDB
20240915	19:49:39	b5f98fb7-f649-4c8d-82ce-a65efd774f8c	Connected to MongoDB
20240915	19:49:59	44ba8217-c51f-4102-993b-bb05736b502b	Connected to MongoDB
20240915	19:54:08	e0e7cef1-921c-4d9e-8ac0-7ac80b66a37c	Connected to MongoDB
20240915	19:54:37	b3a8d9c9-4284-4d1a-aa92-84baf727a9d7	Connected to MongoDB
20240915	19:55:42	50bae84d-d776-4907-9dcc-064d774d029e	Connected to MongoDB
20240915	20:02:49	0eccd2e9-7850-48a1-93fc-d3c6e87aaa1a	Connected to MongoDB
20240915	20:03:02	95816391-ccc8-4e18-91ee-f4017db22a5b	Connected to MongoDB
20240915	20:04:03	c27bbade-cd6c-41b2-bee5-8d16f13d9ed4	Connected to MongoDB
20240915	20:04:30	00dba020-f9af-428d-b9a9-b7997d5665b3	Connected to MongoDB
20240915	20:06:01	534d0ed8-818b-4175-bfea-0d674b723532	Connected to MongoDB
20240915	20:07:09	c2bf6a45-8ee7-42cf-90f1-c45cd3631fa5	Connected to MongoDB
20240915	20:07:27	db6dd947-54b0-40d1-9a1e-e919768798c7	Connected to MongoDB
20240915	20:09:00	d39351fa-3cd1-48ea-a5d2-a324e438a0f9	Connected to MongoDB
20240915	20:10:06	997a8226-4967-47dc-8083-54eeae2365b0	Connected to MongoDB
20240915	20:10:44	fca2893c-0863-48b5-8a29-69fb258d6f49	Connected to MongoDB
20240915	20:11:36	a1e9446c-7584-4e34-968d-7e38d75aa709	Connected to MongoDB
20240915	20:11:48	befb5cbe-87d3-4702-a1ce-ba63d02c54bb	Connected to MongoDB
20240915	20:12:28	04806ab2-9e45-439b-bfa9-1ce229c3a6b7	Connected to MongoDB
20240915	20:14:28	d5131fbe-9f2d-40f2-9527-701551d5a59b	Connected to MongoDB
20240915	20:16:36	b4e9d90e-7433-4e5e-82c1-9d628acf170e	Connected to MongoDB
20240915	20:17:30	4bce2412-37fe-44f0-8764-71ba49e55d69	Connected to MongoDB
20240915	20:17:47	78d9695e-15d9-465b-953b-71f850599398	Connected to MongoDB
20240915	20:18:28	971a8339-63f9-43fa-bb08-8ef1fe355c95	Connected to MongoDB
20240915	20:19:45	a4099247-4fbc-4c00-893f-0d9b4508e4fe	Connected to MongoDB
20240915	20:21:31	5606e508-7143-40ef-8e68-d01ae25720d7	Connected to MongoDB
20240915	20:23:23	1b4868f2-d1ca-4aee-a5db-cc90ebdc13b2	Connected to MongoDB
20240915	20:23:33	b2db4663-d009-4d1c-87f5-b2df8ce15b1a	Connected to MongoDB
20240915	20:23:58	2cab4970-1e20-4686-a393-403eb3a32945	Connected to MongoDB
20240915	20:24:10	682a7d05-d857-4c96-afa5-fbcd6c6101d3	Connected to MongoDB
20240915	20:24:42	d1e93de8-1a24-4c8d-b413-a383e1708b59	Connected to MongoDB
20240915	20:34:57	adf10c14-721d-499c-bd7c-b4a572ced49a	Connected to MongoDB
20240915	20:38:20	a2be9eef-3722-4c03-9909-134c5044eef7	Connected to MongoDB
20240915	20:38:24	eaeccc4a-f523-4b09-9c86-46e63373ca25	Connected to MongoDB
20240915	20:38:55	908a2a4b-7fba-4236-a474-f1a80d4a6b1d	Connected to MongoDB
20240915	20:39:04	48af90ee-038f-4abe-9888-4b131eeca1c6	Connected to MongoDB
20240915	20:39:16	5e8160ea-8449-4930-8db4-2345406ce355	Connected to MongoDB
20240915	20:40:00	d0741ae5-7944-4e68-a804-ceaedee94ff4	Connected to MongoDB
20240915	20:53:02	8d6f3d7e-8987-428c-840d-191af755aeb1	Connected to MongoDB
20240915	20:54:54	64659579-29d5-4e44-b825-594656d21278	Connected to MongoDB
20240915	20:58:17	64b10505-42a9-4b34-8b16-95349127084a	Connected to MongoDB
20240915	20:58:19	1c661d5d-4b84-4893-9d6c-9faeef8b5137	Connected to MongoDB
20240915	20:59:50	ab544ee8-67e1-441a-a812-8a24b0a29663	Connected to MongoDB
20240915	21:01:07	8f987640-fa7f-4c32-844b-133459c84d11	Connected to MongoDB
20240915	21:01:33	8581aa57-3c98-436e-99ee-a7814e705793	Connected to MongoDB
20240915	21:01:52	2a560e97-8018-4890-a7d1-de59e8f07d37	Connected to MongoDB
20240915	21:02:58	b56cfd70-ff0f-435b-92ec-4cb9c6823ff7	Connected to MongoDB
20240915	21:03:59	4e99b01c-9b8d-416c-8387-382527455428	Connected to MongoDB
20240915	21:04:29	68caab60-fe90-410c-841e-91406139d227	Connected to MongoDB
20240915	21:04:35	8b67e085-7734-442e-9ca6-9e5a0bf7b007	Connected to MongoDB
20240915	21:05:44	f94b0def-b607-4ddb-9f70-69f10e9282d0	Connected to MongoDB
20240915	21:08:21	1a10450f-49a1-425e-b04a-d9feefcb3d5e	Connected to MongoDB
20240915	21:13:11	cd78cc8d-b266-4df0-9ce8-938a38d37455	Connected to MongoDB
20240915	21:13:23	42909fa3-988c-4756-82a5-8f983ce118a2	Connected to MongoDB
20240915	21:13:59	e18906c1-07e8-403a-977f-d05750370890	Connected to MongoDB
20240915	21:14:14	a60f91ca-af1c-44e1-8a42-3ac3ef4ed994	Connected to MongoDB
20240915	21:14:21	c27a8bb7-bdfa-405b-b5ec-fcc664df9bde	Connected to MongoDB
20240915	21:14:28	f7c05dc7-cfb3-4571-9fb9-c9e8ac898171	Connected to MongoDB
20240915	21:14:38	5e6e661d-4a1b-4885-ad87-0f31119ed869	Connected to MongoDB
20240915	21:14:44	a3b51e7f-49db-4f9f-ad0d-922602d5aa86	Connected to MongoDB
20240915	21:14:53	a87fad73-2aaf-419c-84d9-df8bd4e34dbe	Connected to MongoDB
20240915	21:14:59	4c109b02-719e-40b6-9e2b-898735dcf9d3	Connected to MongoDB
20240915	21:15:06	39ba863c-3829-41bb-8b1e-eafd871aec24	Connected to MongoDB
20240915	21:15:13	512fd333-6027-4b98-8c23-19c573bd0e5e	Connected to MongoDB
20240915	21:15:20	6e4d1fcc-cc32-4906-a5af-24e5a013a9eb	Connected to MongoDB
20240915	21:18:03	06e806c0-f680-4387-b965-0c3e39744882	Connected to MongoDB
20240915	21:18:48	738282dc-8db7-4416-8262-f2f0f6e11ee2	Connected to MongoDB
20240915	21:19:04	3a74a524-5b64-4641-8fb2-b2abbc4324b5	Connected to MongoDB
20240915	21:19:37	813aed6e-1789-4c13-837a-c2c25129dd20	Connected to MongoDB
20240915	21:20:03	2ce54685-0292-4c50-8f01-117cb53101b0	Connected to MongoDB
20240915	21:20:14	bcb0d020-d183-4628-8ecb-6d7804707f22	Connected to MongoDB
20240915	21:23:59	a91a5498-bcfe-46cb-ba4b-ac8dfb9d0e8b	Connected to MongoDB
20240915	21:25:13	16871680-80e6-44a0-8595-c2b9ca4192b7	Connected to MongoDB
20240915	21:25:28	6c9cabe6-79ce-4127-991a-9b83a5ffc5a8	Connected to MongoDB
20240915	21:27:40	66bdbee5-b6f6-44fb-8726-685b48da0d27	Connected to MongoDB
20240915	21:31:50	9dae48d3-08de-4563-85e2-d0c6529a76c3	Connected to MongoDB
20240915	21:32:02	f18f02b8-1b38-416c-97bf-62abd19d957f	Connected to MongoDB
20240915	21:44:54	88bfdeb1-67b2-4b35-8637-95d069c873e5	Connected to MongoDB
20240915	21:45:37	977af8fb-faa7-4dc5-bd4c-365f2351e962	Connected to MongoDB
20240915	21:45:53	82a99ec0-1ad1-4884-bab2-d2018f9116c4	Connected to MongoDB
20240915	21:45:59	ffb61fec-dfbf-4abc-a963-8345b38b051d	Connected to MongoDB
20240915	21:48:07	398e6be9-788e-40a6-9493-f1e2c3743342	Connected to MongoDB
