20240915	19:09:18	8f8ea54e-c952-4b3a-8350-f99902b287c4	POST	/users	undefined	undefined
20240915	19:09:19	d3d95d47-bef5-48b8-bf3d-40315bae3bdc	POST	/users	undefined	undefined
20240915	19:09:20	8d7cfb37-5e33-4e1c-8c3e-aa3d5a8bd049	POST	/users	undefined	undefined
20240915	19:09:33	a200f277-6f94-4eb7-9413-e5f325a52067	GET	/	undefined	undefined
20240915	19:09:33	7a3b4f4a-63b6-4a83-b629-610f1ef0cd34	GET	/css/style.css	http://localhost:5000/	undefined
20240915	19:09:33	318f9e4e-5abc-44f0-adc9-3d08555ed9d9	GET	/favicon.ico	http://localhost:5000/	undefined
20240915	19:09:34	19eb9566-038f-446a-a997-0992c892d8d7	GET	/	undefined	undefined
20240915	19:09:34	2f4ca867-c23f-470b-b1d7-f0fe5816418b	GET	/css/style.css	http://localhost:5000/	undefined
20240915	19:09:34	4fdd1fa6-a5fe-463c-acf2-85c0719b8e3c	GET	/favicon.ico	http://localhost:5000/	undefined
20240915	19:09:36	7e3e67eb-cbcf-4c32-bd3d-9535b5893e4c	GET	/asdf	undefined	undefined
20240915	19:09:36	30201ac3-d86c-4a29-ad17-addbf89280d2	GET	/css/style.css	http://localhost:5000/asdf	undefined
20240915	19:09:36	beea8fff-9e4d-4046-8455-ed85627615b0	GET	/favicon.ico	http://localhost:5000/asdf	undefined
20240915	19:09:42	f4533837-74d0-46bf-9835-a3c0675314b0	GET	/	undefined	undefined
20240915	19:09:42	b5049cd8-7c5e-4434-9f78-8d77c8c8ee99	GET	/css/style.css	http://localhost:5000/	undefined
20240915	19:09:42	2e066057-a306-4a19-baa7-4be1bbd1dd89	GET	/favicon.ico	http://localhost:5000/	undefined
20240915	19:15:44	1d87b6bf-e2db-41cb-a343-e85a649c4be1	POST	/users	undefined	undefined
20240915	19:15:52	d3e511d3-3306-46ee-aa43-0882812c663b	POST	/users	undefined	undefined
20240915	19:16:05	3164e35e-bd9e-4757-b886-9a91a72d8f57	POST	/users	undefined	undefined
20240915	19:16:29	c7c88ec1-8bf8-4acb-859e-b799b27783b9	POST	/users	undefined	undefined
20240915	19:16:42	aa1d3765-4fa1-4dfe-8d5e-440a824b0851	POST	/users	undefined	undefined
20240915	19:16:58	2fa43262-c7f7-4f53-a5ae-5143333a9959	POST	/users	undefined	undefined
20240915	19:17:11	c757d47f-a5e2-4b64-b337-b9988bd1ad30	POST	/users	undefined	undefined
20240915	19:17:19	c2296eb5-5247-4beb-bf8b-baa93997c75a	POST	/users	undefined	undefined
20240915	19:17:29	f3b42431-08a1-432a-a43b-d6b232c5d1ba	POST	/users	undefined	undefined
20240915	19:19:15	f3023d5b-97d8-452a-b11c-df9964f61052	GET	/users	undefined	undefined
20240915	19:19:28	e8dbf477-7a26-4e43-b4c8-704c96b017cb	GET	/users	undefined	undefined
20240915	19:20:34	f0c9568f-a529-4f4a-8a26-d34acb40e817	GET	/users	undefined	undefined
20240915	19:20:46	6701d792-f0d7-45fd-a408-18e37e3b7204	GET	/users	undefined	undefined
20240915	19:21:23	22a9ce3e-e978-4083-9d20-a1486fde4aa9	GET	/users	undefined	undefined
20240915	19:22:02	2e302e27-31a6-41e4-98a3-1c982eb17939	GET	/users	undefined	undefined
20240915	19:22:43	24a0caf4-f952-4f39-ac26-eb709267620e	GET	/users	undefined	undefined
20240915	19:22:57	1d290fa5-d81e-435c-8060-3ab0e7b19905	GET	/users	undefined	undefined
20240915	19:23:13	27566571-4bbc-4265-843d-670c9eef11b9	POST	/users	undefined	undefined
20240915	19:23:46	bfa3877d-1e40-4cb8-9b04-438f629453e3	GET	/users	undefined	undefined
20240915	19:26:14	abf20213-0464-4f58-8aaa-f43ff518a5de	GET	/users	undefined	undefined
20240915	19:26:17	752d7e0b-a541-4c9e-a7c2-5ad75822c32c	GET	/users	undefined	undefined
20240915	19:26:21	92b434ee-3fa1-47b0-b32a-a3660b7ea8f7	POST	/users	undefined	undefined
20240915	19:26:26	e247a90b-a76a-49db-aacb-bba1482ed085	POST	/users	undefined	undefined
20240915	19:26:30	1a64bb07-f4dd-4ebd-864b-8285cb2c14c7	GET	/users	undefined	undefined
20240915	19:26:37	6475b9db-e276-466f-bc64-8b703c689612	POST	/users	undefined	undefined
20240915	19:26:41	3d0993d4-611e-4b72-b421-e608cd33089a	POST	/users	undefined	undefined
20240915	19:26:46	e60c065e-e57d-4999-8dd7-ecb897e04779	GET	/users	undefined	undefined
20240915	19:33:48	ecf66cf2-3ec0-43f2-99c6-bbe9fd363a2f	POST	/users	undefined	undefined
20240915	19:33:52	1c8f113d-7d3d-424d-b0e6-5c7a6732adaa	POST	/users	undefined	undefined
20240915	19:34:03	f6c249f9-ac17-4b60-bb60-452247dc7378	POST	/users	undefined	undefined
20240915	19:34:08	69444202-6e86-44db-a978-7ba825e5d096	POST	/users	undefined	undefined
20240915	19:39:04	fe3d8483-ee15-498f-b948-4f5b8f158224	POST	/users	undefined	undefined
20240915	19:39:24	32dbec50-e313-458d-84ba-2fd71a772cb6	POST	/users	undefined	undefined
20240915	19:39:48	bb7b6a11-e778-4a63-bf87-86a82a62e502	POST	/users	undefined	undefined
20240915	19:39:58	606ab2b6-9618-4b97-812b-50ea484b0384	POST	/users	undefined	undefined
20240915	19:40:00	33a1e4e0-15b1-467f-8eda-229cce9d2f54	POST	/users	undefined	undefined
20240915	19:40:01	514ac175-2261-479b-818a-d9965a0f755a	POST	/users	undefined	undefined
20240915	19:42:44	dc58a4c8-27c8-4ffb-a8e0-cf15a65720fe	POST	/users	undefined	undefined
20240915	19:42:46	5e35a2ff-eebe-4dd2-ac16-8834f8e6635b	POST	/users	undefined	undefined
20240915	19:43:04	e75cadb3-5a3b-4c41-b585-f16f0ed0aab6	POST	/users	undefined	undefined
20240915	19:43:20	7e19f3c2-bc64-419b-be06-4a42b977e068	POST	/users	undefined	undefined
20240915	19:43:22	a98bf3bc-b539-417f-9e23-80d2e87f620d	POST	/users	undefined	undefined
20240915	19:44:06	8c0bc277-ed00-457a-ab97-1e0f138391c1	POST	/users	undefined	undefined
20240915	19:44:08	a2b3cbdd-3a01-4ee8-ac47-d1070fb84a7b	POST	/users	undefined	undefined
20240915	19:44:09	e310793c-c085-4d7d-981a-1620ac1ac2e1	POST	/users	undefined	undefined
20240915	19:45:01	0762fa9b-f2b7-43a4-b72a-260238438af9	POST	/users	undefined	undefined
20240915	19:45:16	7fe6ad4d-e10e-43ef-a104-757c1dac185c	POST	/users	undefined	undefined
20240915	19:45:32	27faba26-8adb-4fa4-bbc0-e28148e6221a	POST	/users	undefined	undefined
20240915	19:45:33	7e5feb59-76a6-43b3-a9b1-db2280c03c15	POST	/users	undefined	undefined
20240915	19:45:34	9b395feb-10a3-4e3f-b7fd-64033b8b345a	POST	/users	undefined	undefined
20240915	19:46:02	396cd81e-c081-43ad-aef7-7ab1652e4aa2	POST	/users	undefined	undefined
20240915	19:46:16	abc11869-def8-4569-8e24-73d175f73557	POST	/users	undefined	undefined
20240915	19:46:31	85e7ce0e-8bb1-42de-a678-3512b3a76c38	POST	/users	undefined	undefined
20240915	19:46:35	4abc83cc-1c0e-4bc8-aed3-9890cbb4682c	POST	/users	undefined	undefined
20240915	19:46:38	113a35d0-1fe7-4e30-978c-7137a9981022	POST	/users	undefined	undefined
20240915	19:46:44	61bff101-730b-4da1-b950-03cdc92caa92	POST	/users	undefined	undefined
20240915	19:47:00	418c4f6e-640a-49ca-ad36-a06f1d755332	POST	/users	undefined	undefined
20240915	19:47:13	6a5bb6de-67f0-4a6e-9bb7-0402fb6dbfab	POST	/users	undefined	undefined
20240915	19:47:15	15142796-81ac-4aa5-9f38-a47a2bbed31b	POST	/users	undefined	undefined
20240915	19:47:56	7a2fe555-5594-4e0b-96b9-a5ee71468bbd	POST	/users	undefined	undefined
20240915	19:47:59	fb910305-b9e1-46ff-8123-04f58799fbd9	POST	/users	undefined	undefined
20240915	19:48:05	e4eede2b-4466-48c5-b523-5b873f19be79	POST	/users	undefined	undefined
20240915	19:48:09	23ec03f2-0e72-4ddf-aa51-1dee60950fe6	POST	/users	undefined	undefined
20240915	19:49:21	4661104b-490e-4fde-b672-6e000e14de57	POST	/users	undefined	undefined
20240915	19:49:42	f6075a62-dc76-4cf4-8be9-705bef20d396	POST	/users	undefined	undefined
20240915	19:50:05	8258d6f9-f1e4-4e9c-bcba-2c0128d02442	POST	/users	undefined	undefined
20240915	19:50:09	3b6b2f5c-0ece-4472-88e0-108908f7ca99	POST	/users	undefined	undefined
20240915	19:50:17	00d1bb1a-a94a-4375-80e0-5824ec5cf37e	POST	/users	undefined	undefined
20240915	20:04:05	cbfb79c6-291a-4cf8-a3b8-21fb73f65f62	POST	/users	undefined	undefined
20240915	20:04:31	a841c3a6-c72f-46d2-abfb-8a0ee9aebede	POST	/users	undefined	undefined
20240915	20:04:48	8c2db736-5f53-4e4b-8b39-63517f081f10	POST	/users	undefined	undefined
20240915	20:04:52	ab1d8208-9018-49b6-b399-0ec35eed136a	POST	/users	undefined	undefined
20240915	20:04:55	0a5681e1-9ecc-4edf-a2a5-90fb75a7eb6c	POST	/users	undefined	undefined
20240915	20:04:57	ba99dfa3-f13b-4566-bf51-a2d37482757e	POST	/users	undefined	undefined
20240915	20:06:10	9001f2e1-48d8-47f8-9a52-05066106b0f2	POST	/users	undefined	undefined
20240915	20:09:07	be671f3f-4616-45b7-97e7-1f3b8dc448ae	POST	/users	undefined	undefined
20240915	20:09:31	78a2fbb7-617e-48e3-bc46-26a1fc2ff496	POST	/users	undefined	undefined
20240915	20:09:41	196e8fbd-708e-4c8e-b156-614442c97cf0	POST	/users	undefined	undefined
20240915	20:10:07	8ae47c97-6fd3-4837-9e94-0d39eaa3a4cf	POST	/users	undefined	undefined
20240915	20:10:46	14bfa910-45fc-427a-acc9-03693970515a	POST	/users	undefined	undefined
20240915	20:11:51	953cda33-e9ab-4647-a426-579a9338b6ff	POST	/users	undefined	undefined
20240915	20:12:00	1149d409-02c8-4635-b306-7e137f2ece81	POST	/users	undefined	undefined
20240915	20:12:38	102a2118-46dc-4084-9a32-ecef027ea313	POST	/users	undefined	undefined
20240915	20:12:46	b0a4a614-2fea-4667-b1ca-96b6c21c50fa	POST	/users	undefined	undefined
20240915	20:14:39	0fd658cb-7abe-48f1-aff7-dc53acb73220	POST	/users	undefined	undefined
20240915	20:14:56	6da4a734-d551-4b8d-8457-fb3bd2b79c58	POST	/users	undefined	undefined
20240915	20:15:00	1e297ec3-4eaf-46af-ba47-79bba1bd62a7	POST	/users	undefined	undefined
20240915	20:15:16	9491816e-7e7e-4cd6-afc2-e20937288485	POST	/users	undefined	undefined
20240915	20:15:21	d3a8f8f0-c824-4625-8146-1165a4810948	POST	/users	undefined	undefined
20240915	20:15:25	12fd9452-1fff-4816-8aec-2ac2296a2202	POST	/users	undefined	undefined
20240915	20:15:31	0548aa3b-eb24-40e4-9f52-0cf1c422f445	POST	/users	undefined	undefined
20240915	20:15:34	8360f13b-3443-4993-90c2-19b6e3d91830	POST	/users	undefined	undefined
20240915	20:16:38	1cecc16a-2304-4b8f-ac12-0f70296e06aa	POST	/users	undefined	undefined
20240915	20:16:44	9b81e278-f34a-408f-b411-121fd2155676	POST	/users	undefined	undefined
20240915	20:17:37	8ef5347d-aa97-4963-a65b-9830f5ff2076	POST	/users	undefined	undefined
20240915	20:18:30	947104eb-fc8a-4b67-a39f-04e89e4450b8	POST	/users	undefined	undefined
20240915	20:18:37	e163e50a-328c-4f7d-9fe6-52f49befaf1e	POST	/users	undefined	undefined
20240915	20:19:55	ab672a12-155d-461f-8652-7ee4f995b6fa	POST	/users	undefined	undefined
20240915	20:19:57	9bd6347d-9963-4f53-9664-9ebaee79d538	GET	/users	undefined	undefined
20240915	20:20:26	a62f428d-5a9a-4b9b-aa30-05d36ac12d37	POST	/users	undefined	undefined
20240915	20:20:29	09d01c48-6d1d-41a6-b4ad-bdf896c858c7	GET	/users	undefined	undefined
20240915	20:22:11	c2136e05-3252-4e17-9b7f-d012bb66ba5c	GET	/users	undefined	undefined
20240915	20:22:30	0e79fac6-fb29-40ec-bc5a-994d2df564af	POST	/users	undefined	undefined
20240915	20:22:35	c08a989d-42f7-4af0-8b26-ec107bff9c8f	GET	/users	undefined	undefined
20240915	20:24:43	3c7dd858-d895-4690-8c3c-1f5f514bbe1d	GET	/	undefined	https://www.youtube.com
20240915	20:33:20	cb43f329-202b-49be-acb8-5837eed6f6e8	POST	/users	undefined	undefined
20240915	20:33:26	7d370827-7237-41e5-828a-82adcd499e9a	POST	/users	undefined	undefined
20240915	20:33:35	15ee022f-6c70-4415-ace0-60c2d8261210	GET	/users	undefined	undefined
20240915	20:33:42	4c829884-2fdb-4462-ac51-61d2f0df39a4	GET	/users	undefined	undefined
20240915	20:35:23	f080001b-f528-4d2e-9467-f190cbe75e33	GET	/	undefined	undefined
20240915	20:35:23	0bd2cadb-526d-4b0a-a51f-09f6e1536b2f	GET	/css/style.css	http://localhost:5000/	undefined
20240915	20:35:23	1603a342-b38a-4bcc-90cb-69565e2582a9	GET	/favicon.ico	http://localhost:5000/	undefined
20240915	20:35:26	dd2727a3-f1e1-47dd-96de-ee0ccebbd1c8	GET	/users	undefined	undefined
20240915	20:35:26	48e4cd0a-abf3-4589-b1cb-bbbf7a82c9c6	GET	/favicon.ico	http://localhost:5000/users	undefined
20240915	20:36:11	a5c18b7a-6beb-40ed-a97a-1fe8df43af3c	GET	/users/66e7158e41bd8ec55b56a4c9	undefined	undefined
20240915	20:36:11	09ee261d-022c-4380-ab94-64a19a8988c3	GET	/users/css/style.css	http://localhost:5000/users/66e7158e41bd8ec55b56a4c9	undefined
20240915	20:36:11	4a5fd82d-ef2d-4b56-a3ba-7f276d1c4521	GET	/favicon.ico	http://localhost:5000/users/66e7158e41bd8ec55b56a4c9	undefined
20240915	20:36:15	bbebb5df-0a00-4fa3-b8c7-e9bd27e6d30e	GET	/users/66e7158e41bd8ec55b56a4c9	undefined	undefined
20240915	20:36:15	b5366bb9-9da1-4238-af8a-8c3ed75de69e	GET	/users/css/style.css	http://localhost:5000/users/66e7158e41bd8ec55b56a4c9	undefined
20240915	20:36:15	2e581244-fd6d-448c-8d8e-c18ff7609c3f	GET	/favicon.ico	http://localhost:5000/users/66e7158e41bd8ec55b56a4c9	undefined
20240915	20:36:24	b5addc8a-1b89-44c7-b07c-499eb2248866	GET	/users	undefined	undefined
20240915	20:36:25	c01c3edb-a42d-4ff6-9af9-a95888053426	GET	/favicon.ico	http://localhost:5000/users	undefined
20240915	20:36:30	07731e77-1936-4538-a42f-f3cb902d9240	GET	/user	undefined	undefined
20240915	20:36:30	1f17da0c-5de9-438b-a4df-d1e0a67f4de4	GET	/css/style.css	http://localhost:5000/user	undefined
20240915	20:36:30	a61deee0-4bbc-4f40-970a-43b751744cf1	GET	/favicon.ico	http://localhost:5000/user	undefined
20240915	20:36:34	f0c8e656-9444-426a-8bfc-02429b2296a9	GET	/user/66e7158e41bd8ec55b56a4c9	undefined	undefined
20240915	20:36:34	bd5a6ffa-c433-4303-ad51-a6ddb08431e9	GET	/user/css/style.css	http://localhost:5000/user/66e7158e41bd8ec55b56a4c9	undefined
20240915	20:36:34	3b977ac4-e23e-4550-add3-93bd8289dc3d	GET	/favicon.ico	http://localhost:5000/user/66e7158e41bd8ec55b56a4c9	undefined
20240915	20:36:41	c3d3fa89-2d69-4773-99c6-acd2681c89b5	GET	/users	undefined	undefined
20240915	20:36:41	bcf998f2-bc26-4f01-9f20-4924a621e366	GET	/favicon.ico	http://localhost:5000/users	undefined
20240915	20:37:33	a399baaf-fd45-4aad-8a8a-d1b3285dc370	GET	/	undefined	undefined
20240915	20:37:33	660c9536-0bb3-4591-b06b-16a797c25fd7	GET	/css/style.css	http://localhost:5000/	undefined
20240915	20:37:34	ca4c6c4f-cac3-44b1-8a39-fd0b6a08b5fc	GET	/favicon.ico	http://localhost:5000/	undefined
20240915	20:37:37	e8a94dbf-1b20-4e2f-a104-461e3dd34018	GET	/users	undefined	undefined
20240915	20:37:38	7a5c4940-66db-4e0f-842e-b9151f7dd636	GET	/favicon.ico	http://localhost:5000/users	undefined
20240915	20:37:49	b7205f6c-39e9-47ca-97ef-1b8b8e6a9ac9	GET	/	undefined	undefined
20240915	20:37:49	73187713-2252-4a50-a243-15f47b23c1f3	GET	/css/style.css	http://localhost:5000/	undefined
20240915	20:37:49	7112b02d-d1a0-4bf4-bf91-f15719ce2f05	GET	/favicon.ico	http://localhost:5000/	undefined
20240915	20:39:24	caed3804-096c-4e5b-9e3b-792951c20663	POST	/users	undefined	undefined
20240915	20:39:30	545da2a7-131e-4ec8-9175-48b92b4267fb	POST	/users	undefined	undefined
20240915	20:39:33	4733e290-1ac7-42ff-bfec-9bf43a97bfe4	GET	/users	undefined	undefined
20240915	20:56:11	639f36df-4734-4110-aa32-bf93e5ccfb8f	GET	/users	undefined	undefined
20240915	20:56:15	8026e1f7-1352-483c-9a10-ec31906e6e3f	POST	/users	undefined	undefined
20240915	20:56:46	0526055b-b831-490d-b287-c697603ffcc8	GET	/users/66e7175a87778d6d0c51ee8f	undefined	undefined
20240915	20:57:27	a1f50192-acdd-4ecf-ba77-f21b001c3ce6	PATCH	/users/66e7175a87778d6d0c51ee8f	undefined	undefined
20240915	20:58:22	03e3de46-98d3-43ab-b48e-67b2688f449c	PATCH	/users/66e7175a87778d6d0c51ee8f	undefined	undefined
20240915	20:58:31	1470b8af-dd24-4186-a0f8-c2152abb4525	PATCH	/users/66e7175a87778d6d0c51ee8f	undefined	undefined
20240915	20:58:53	5fa36ff6-bc2d-4dbf-b543-86f7726d26f2	PATCH	/users/66e7175a87778d6d0c51ee8f	undefined	undefined
20240915	20:58:59	a8a59f00-cc5e-4eb5-a2c7-d0224a99e4a4	PATCH	/users/66e7175a87778d6d0c51ee8f	undefined	undefined
20240915	20:59:06	ddb0c0d7-7802-47af-be17-bc172ea423e1	PATCH	/users/66e7175a87778d6d0c51ee8f	undefined	undefined
20240915	20:59:17	2a75564a-1944-4ec8-9fbd-7a781d922b52	PATCH	/users/66e7175a87778d6d0c51ee8f	undefined	undefined
20240915	20:59:21	25353913-50d3-44be-93b9-1528065de6de	PATCH	/users/66e7175a87778d6d0c51ee8f	undefined	undefined
20240915	20:59:57	3e344351-cb57-493a-85ab-8ff8252f2cd9	PATCH	/users/66e7175a87778d6d0c51ee8f	undefined	undefined
20240915	21:00:04	8fbb05fe-4679-4f68-b4bb-9f8120110129	PATCH	/users/66e7175a87778d6d0c51ee8f	undefined	undefined
20240915	21:00:10	2b40a021-24a4-428f-983d-59725a0e3fea	PATCH	/users/66e7175a87778d6d0c51ee8f	undefined	undefined
20240915	21:02:25	2590b1b3-beef-4170-8d5f-3ec76979a1c2	GET	/users/66e7175a87778d6d0c51ee8f	undefined	undefined
20240915	21:03:01	6c0f5284-1ad6-4a03-bdc8-6857f41b1961	GET	/users/66e7175a87778d6d0c51ee8f	undefined	undefined
20240915	21:03:38	bb401dbe-2d14-43b6-b2c3-8595aa95e93e	GET	/users/66e7175a87778d6d0c51ee8f	undefined	undefined
20240915	21:04:00	2ad72376-d54f-4c8a-b8d0-2a93bfffc4f9	GET	/users/66e7175a87778d6d0c51ee8f	undefined	undefined
20240915	21:04:06	95d2e227-383b-46a8-a709-feb6bcf57576	GET	/users	undefined	undefined
20240915	21:04:11	865b6029-e91a-47db-b59d-9a2096e4d6b1	GET	/users/66e7158e41bd8ec55b56a4c9	undefined	undefined
20240915	21:04:42	fbb8625d-cbba-4e7a-bb60-13c82d8b63f2	GET	/users/66e7158e41bd8ec55b56a4c9	undefined	undefined
20240915	21:04:52	f6391425-a0b8-44f3-828a-067cfbf914a0	GET	/users	undefined	undefined
20240915	21:05:05	1a2936d9-2f55-4a78-9f96-15c3d8d2d9c1	GET	/users/66e7175a87778d6d0c51ee8f	undefined	undefined
20240915	21:05:10	8a858f36-72f1-4a68-a6b2-26c700850ed0	GET	/users/66e7175a87778d6d0c51ee8	undefined	undefined
20240915	21:05:23	3ed7d8da-aad7-490d-a98b-9540fcb3eab2	GET	/users/6	undefined	undefined
20240915	21:05:57	7178bce3-a133-443d-85be-3063bbaef116	GET	/users/6	undefined	undefined
20240915	21:06:01	9f595d4e-3c60-4bc7-a1aa-df66ee5e6dc4	GET	/users/66e7175a87778d6d0c51ee8f	undefined	undefined
20240915	21:06:06	8093e40f-1695-4378-9b13-7938f5369d1e	GET	/users	undefined	undefined
20240915	21:06:15	a3227025-bd24-47cb-94ce-a8794154c811	PATCH	/users/66e7175a87778d6d0c51ee8f	undefined	undefined
20240915	21:06:25	0855caea-d7c1-4779-a6ee-21559acc7054	PATCH	/users/66e7175a87778d6d0c51ee8f	undefined	undefined
20240915	21:06:32	bb8d88ae-a3a6-4d8a-8cb1-ba841c7458ba	PATCH	/users/66e7175a87778d6d0c51ee8f	undefined	undefined
20240915	21:06:47	b4a80515-44e4-413b-a8f6-01a6d7dff47b	PATCH	/users/66e7175a87778d6d0c51ee8f	undefined	undefined
20240915	21:06:52	19d4a0fb-b834-4a23-9156-43ec3aa8e3a4	PATCH	/users/66e7175a87778d6d0c51ee8f	undefined	undefined
20240915	21:07:09	6226cfd8-cf53-47e7-8a7a-26caa4359b60	PATCH	/users/66e7175a87778d6d0c51ee8f	undefined	undefined
20240915	21:07:11	f0527e78-bce5-4764-87d3-5fe3c5580389	GET	/users/66e7175a87778d6d0c51ee8f	undefined	undefined
20240915	21:07:29	5b162145-210b-48fa-9d2c-496d8e201db8	PATCH	/users/66e7175a87778d6d0c51ee8f	undefined	undefined
20240915	21:07:35	82591e75-34e2-4894-aeb7-4888621b1adc	PATCH	/users/66e7175a87778d6d0c51ee8f	undefined	undefined
20240915	21:07:39	e0f0b999-db5b-40b2-9110-b0a5ac979c6e	PATCH	/users/66e7175a87778d6d0c51ee8f	undefined	undefined
20240915	21:07:47	e7fa1c93-5b91-42b1-843a-30635a3a30f6	PATCH	/users/66e7175a87778d6d0c51ee8f	undefined	undefined
20240915	21:07:58	5bedd3f5-4dd5-46e7-8242-76e8f9ef5a80	GET	/users/66e7175a87778d6d0c51ee8f	undefined	undefined
20240915	21:08:01	0780ba85-704a-4af6-b92d-4164f51f2540	GET	/users	undefined	undefined
20240915	21:09:26	50d529d8-0607-44b2-b07c-208a3a8c89ca	POST	/users	undefined	undefined
20240915	21:09:30	c83ea939-1ad0-403d-86ae-c43394712906	POST	/users	undefined	undefined
20240915	21:09:39	a874080f-709e-4d6e-8613-dc728fefbd5b	POST	/users	undefined	undefined
20240915	21:10:01	f4c64a67-97d3-4c9d-bfb9-edced16bcb27	GET	/users	undefined	undefined
20240915	21:11:19	ab51734d-f713-45f1-ae0f-0ad3e05dfa08	GET	/users	undefined	undefined
20240915	21:11:32	ffc82d83-fdeb-4c2e-a9a1-9f6296511e80	PATCH	/users/66e722d60476fbf6bef5cba6	undefined	undefined
20240915	21:11:39	5e2c3477-2ec3-4643-9910-34fd8521308b	GET	/users	undefined	undefined
20240915	21:13:13	acc7e0f2-51a2-4f63-b6f3-e2216079132d	GET	/users	undefined	undefined
20240915	21:13:15	2ec357cd-da6a-4c56-98e2-d9efb5de188a	PATCH	/users/66e722d60476fbf6bef5cba6	undefined	undefined
20240915	21:13:32	cc82678c-d146-4a80-9c9b-0b36e890ff6a	PATCH	/users/66e722d60476fbf6bef5cba6	undefined	undefined
20240915	21:14:14	942249f7-b188-4201-acfe-2c520a63998c	PATCH	/users/66e722d60476fbf6bef5cba6	undefined	undefined
20240915	21:14:22	007fa317-c1d2-445e-bb46-1a08b98a68b8	PATCH	/users/66e722d60476fbf6bef5cba6	undefined	undefined
20240915	21:14:28	64313d2a-f4ba-40a1-aae2-c69c1c187f8d	PATCH	/users/66e722d60476fbf6bef5cba6	undefined	undefined
20240915	21:14:39	99c28a12-a9c5-458e-91a3-3990dfd81fc4	PATCH	/users/66e722d60476fbf6bef5cba6	undefined	undefined
20240915	21:14:45	91758c7a-de50-4ce8-8105-0c6d70ca9202	PATCH	/users/66e722d60476fbf6bef5cba6	undefined	undefined
20240915	21:14:53	09e82e31-1dc2-456a-99f1-d48e8e5275bb	PATCH	/users/66e722d60476fbf6bef5cba6	undefined	undefined
20240915	21:15:00	19a1b25d-dc23-4eaf-bcc3-c5a435fe6aac	PATCH	/users/66e722d60476fbf6bef5cba6	undefined	undefined
20240915	21:15:06	20c456dc-0651-41e8-b508-8a1b78eec8e5	PATCH	/users/66e722d60476fbf6bef5cba6	undefined	undefined
20240915	21:15:14	8ce9815f-251b-4465-9f0a-7c058c69079d	PATCH	/users/66e722d60476fbf6bef5cba6	undefined	undefined
20240915	21:15:20	87891281-86c2-468b-8de0-d863b5434347	PATCH	/users/66e722d60476fbf6bef5cba6	undefined	undefined
20240915	21:15:27	e90a0beb-264f-49dc-9a57-03bb39f77a31	PATCH	/users/66e722d60476fbf6bef5cba6	undefined	undefined
20240915	21:15:28	286eb111-c4e9-4877-8ab3-150c917784e5	PATCH	/users/66e722d60476fbf6bef5cba6	undefined	undefined
20240915	21:15:39	b58cd42d-0f29-4dab-ade4-88e66ce20e52	PATCH	/users/66e722d60476fbf6bef5cba6	undefined	undefined
20240915	21:16:34	54744b11-3d7b-4ec9-a4d2-e94315c1e3c5	PATCH	/users/66e722d60476fbf6bef5cba6	undefined	undefined
20240915	21:16:47	fdf4f3bd-c723-4389-bf18-9562a18e27f2	PATCH	/users/66e722d60476fbf6bef5cba6	undefined	undefined
20240915	21:19:07	00e0ed9f-d542-486e-b699-fd6e59a32806	PATCH	/users/66e722d60476fbf6bef5cba6	undefined	undefined
20240915	21:19:38	6b06f410-b0e8-4da1-8f66-b77ea66bfcd7	PATCH	/users/66e722d60476fbf6bef5cba6	undefined	undefined
20240915	21:20:14	5029a53e-bb41-4681-b565-6e17f85facad	PATCH	/users/66e722d60476fbf6bef5cba6	undefined	undefined
20240915	21:20:17	32379d2a-4a5b-498b-bef2-341a6be4e129	PATCH	/users/66e722d60476fbf6bef5cba6	undefined	undefined
20240915	21:20:27	4d946471-5f6c-4cb0-a47c-e22ccb38c82c	PATCH	/users/66e722d60476fbf6bef5cba6	undefined	undefined
20240915	21:21:26	eb7e2878-6cb5-40f6-a8a6-e7bf5eadec79	PATCH	/users/66e722d60476fbf6bef5cba6	undefined	undefined
20240915	21:24:03	89392c60-69f9-4452-bfea-9ff47058a3e4	PATCH	/users/66e722d60476fbf6bef5cba6	undefined	undefined
20240915	21:24:17	529d937d-de92-43e1-962f-be921d6443cd	PATCH	/users/66e722d60476fbf6bef5cba6	undefined	undefined
20240915	21:24:25	9ef4f3e7-49dd-4777-881e-e3427d88dc96	PATCH	/users/66e722d60476fbf6bef5cba6	undefined	undefined
20240915	21:24:46	e9a0fb2f-6273-4a9b-8750-abbb5229cbd1	PATCH	/users/66e722d60476fbf6bef5cba6	undefined	undefined
20240915	21:25:15	e70359e6-09ee-4bdd-b126-6b8e614bbadc	PATCH	/users/66e722d60476fbf6bef5cba6	undefined	undefined
20240915	21:25:35	8946f45f-dc75-462d-a866-16ac96c3dad0	PATCH	/users/66e722d60476fbf6bef5cba6	undefined	undefined
20240915	21:25:47	3cb0103b-3d6c-4a19-b314-50dde152dc3e	PATCH	/users/66e722d60476fbf6bef5cba6	undefined	undefined
20240915	21:25:51	0a233255-5afc-4b2c-8ef8-66fd1e69ede6	PATCH	/users/66e722d60476fbf6bef5cba6	undefined	undefined
20240915	21:25:56	a97e0d7a-2ffc-4771-b03e-ae0033adb19a	PATCH	/users/66e722d60476fbf6bef5cba6	undefined	undefined
20240915	21:25:58	8249c648-3541-4430-a863-61cd36468cb4	PATCH	/users/66e722d60476fbf6bef5cba6	undefined	undefined
20240915	21:27:42	65478574-3a5f-4900-9c8c-1ea1ed561f27	PATCH	/users/66e722d60476fbf6bef5cba6	undefined	undefined
20240915	21:27:52	efb300e7-cf06-4401-aaf5-cf7a33fb4433	PATCH	/users/66e722d60476fbf6bef5cba6	undefined	undefined
20240915	21:27:55	3af73044-b867-425f-b9d0-6ecacbb670f8	PATCH	/users/66e722d60476fbf6bef5cba6	undefined	undefined
20240915	21:28:11	31385505-2de2-4a2d-9d87-cf59fed569b8	PATCH	/users/66e722d60476fbf6bef5cba6	undefined	undefined
20240915	21:28:16	6da33ba7-ffe2-4cff-90f2-605f6602531b	PATCH	/users/66e722d60476fbf6bef5cba6	undefined	undefined
20240915	21:32:08	0c2ed710-4261-46de-990b-a629ca025589	PATCH	/users/66e722d60476fbf6bef5cba6	undefined	undefined
20240915	21:32:14	3ee57cfe-a3fd-4ab5-8c24-b631e6df834b	PATCH	/users/66e722d60476fbf6bef5cba6	undefined	undefined
20240915	21:32:17	a416659a-f196-4570-94f3-bdd56c633283	PATCH	/users/66e722d60476fbf6bef5cba6	undefined	undefined
20240915	21:40:19	a0e18ba1-99d4-4f14-9b55-db441f2eee9a	PATCH	/users/66e722d60476fbf6bef5cba6	undefined	undefined
20240915	21:40:23	88403eb2-a449-4b9f-9eed-9ed3c3aa75c3	PATCH	/users/66e722d60476fbf6bef5cba6	undefined	undefined
20240915	21:40:26	b65f310d-0c5c-48e1-89b0-89db74d139da	PATCH	/users/66e722d60476fbf6bef5cba6	undefined	undefined
20240915	21:44:57	1d391fe8-a59f-4cbf-bd30-b7ffcd4c2021	PATCH	/users/66e722d60476fbf6bef5cba6	undefined	undefined
20240915	21:45:40	c911aaeb-fd9a-41ab-bfab-00663deac958	PATCH	/users/66e722d60476fbf6bef5cba6	undefined	undefined
20240915	21:46:00	a738efe8-eaba-4a85-83e9-549b002bba0f	PATCH	/users/66e722d60476fbf6bef5cba6	undefined	undefined
